  main.cpp
c:\users\robin\documents\visual studio 2015\projects\graphene\graphene\main.cpp(40): warning C4018: <: несоответствие типов со знаком и без знака
c:\users\robin\documents\visual studio 2015\projects\graphene\graphene\main.cpp(48): warning C4018: <: несоответствие типов со знаком и без знака
c:\users\robin\documents\visual studio 2015\projects\graphene\graphene\functions.hpp(34): warning C4018: <: несоответствие типов со знаком и без знака
  c:\users\robin\documents\visual studio 2015\projects\graphene\graphene\main.cpp(24): note: см. ссылку на создание экземпляров функции шаблон при компиляции "void Print<int>(const std::string &,const std::vector<std::vector<int,std::allocator<_Ty>>,std::allocator<std::vector<_Ty,std::allocator<_Ty>>>> &)"
          with
          [
              _Ty=int
          ]
c:\users\robin\documents\visual studio 2015\projects\graphene\graphene\functions.hpp(36): warning C4018: <: несоответствие типов со знаком и без знака
c:\users\robin\documents\visual studio 2015\projects\graphene\graphene\functions.hpp(46): warning C4018: <: несоответствие типов со знаком и без знака
  c:\users\robin\documents\visual studio 2015\projects\graphene\graphene\main.cpp(114): note: см. ссылку на создание экземпляров функции шаблон при компиляции "void Print<double>(const std::string &,const std::vector<double,std::allocator<_Ty>> &)"
          with
          [
              _Ty=double
          ]
  graphene.cpp
  functions.cpp
c:\users\robin\documents\visual studio 2015\projects\graphene\graphene\functions.cpp(27): warning C4018: <: несоответствие типов со знаком и без знака
c:\users\robin\documents\visual studio 2015\projects\graphene\graphene\functions.cpp(35): warning C4018: <: несоответствие типов со знаком и без знака
c:\users\robin\documents\visual studio 2015\projects\graphene\graphene\functions.cpp(67): warning C4018: <: несоответствие типов со знаком и без знака
  Создание кода...
  Graphene.vcxproj -> C:\Users\Robin\documents\visual studio 2015\Projects\Graphene\Debug\Graphene.exe
  Graphene.vcxproj -> C:\Users\Robin\documents\visual studio 2015\Projects\Graphene\Debug\Graphene.pdb (Partial PDB)
